-------------------------------------------------------------------------------
Test set: com.example.springboot.controller.EmployeeControllerTest
-------------------------------------------------------------------------------
Tests run: 5, Failures: 2, Errors: 2, Skipped: 0, Time elapsed: 4.828 s <<< FAILURE! - in com.example.springboot.controller.EmployeeControllerTest
UpdateEmployee  Time elapsed: 0.014 s  <<< ERROR!
java.lang.NullPointerException: Cannot invoke "com.example.springboot.dto.EmployeeDTO.setLastName(String)" because "employeeToUpdate" is null
	at com.example.springboot.controller.EmployeeControllerTest.UpdateEmployee(EmployeeControllerTest.java:73)

getAllEmployees  Time elapsed: 0.137 s  <<< FAILURE!
java.lang.AssertionError: 
JSON path "$[0].firstName"
Expected: is "John"
     but: was "Mike"
	at com.example.springboot.controller.EmployeeControllerTest.getAllEmployees(EmployeeControllerTest.java:39)

getSingleEmployee  Time elapsed: 0.013 s  <<< FAILURE!
java.lang.AssertionError: Content type not set
	at com.example.springboot.controller.EmployeeControllerTest.getSingleEmployee(EmployeeControllerTest.java:50)

AddEmployee  Time elapsed: 0.005 s  <<< ERROR!
java.lang.NullPointerException: Cannot invoke "com.example.springboot.dto.EmployeeDTO.setId(long)" because "employee" is null
	at com.example.springboot.controller.EmployeeControllerTest.AddEmployee(EmployeeControllerTest.java:59)

